<?xml version="1.0" encoding="UTF-8"?>
<!-- Generated by org.testng.reporters.JUnitReportReporter -->
<testsuite skipped="0" hostname="LAPTOP-S1LVCJIH" name="com.testcases.Tc_01" tests="1" failures="0" timestamp="28 Sep 2019 01:04:54 GMT" time="22.480" errors="0">
  <testcase name="Validate_RegisterModule" time="22.480" classname="com.testcases.Tc_01"/>
</testsuite> <!-- com.testcases.Tc_01 -->
